<?xml version="1.0" encoding="UTF-8" ?>
<testsuites errors="0"
            failures="1"
            tests="1">

  <testsuite name="beta"
    errors="0" failures="1" hostname="" id="" package="beta" skipped="0"
    tests="1" time="69.77" timestamp="">
  
    <testcase name="Test Kalbestore.com (DESKTOP-BETA)" classname="beta" time="69.77" assertions="31">

    

    

    

    

    

    

    

    

    

    

    

    

    

    

    

    

    

    

    

    

    

    

    

    

    

    

    

    

    

      <failure message="Testing if the URL contains [0;33m&#39;https://betakalbestore.karyahastadinamika.com/checkout/onepage/success/&#39;[0m in 5000ms - expected [0;32m&#34;contains &#39;https://betakalbestore.karyahastadinamika.com/checkout/onepage/success/&#39;&#34;[0m but got: [0;31m&#34;https://betakalbestore.karyahastadinamika.com/checkout/guest/process/&#34;[0m [0;90m(5257ms)[0m">    at Object.Test Kalbestore.com (DESKTOP-BETA) (C:\Users\Nugie\kalbestore(beta-vs-prod)\tests\beta.js:97:21)
    at process._tickCallback (internal/process/next_tick.js:68:7)</failure>

    <failure message="    at Object.Test Kalbestore.com (DESKTOP-BETA) (C:\Users\Nugie\kalbestore(beta-vs-prod)\tests\beta.js:97:21)">    at process._tickCallback (internal/process/next_tick.js:68:7)</failure>
    </testcase>
  

  

  
  </testsuite>
</testsuites>
